[18:54:12] [main/INFO]: Extra: []
[18:54:12] [main/INFO]: Found and added coremod: net.ccbluex.liquidbounce.injection.forge.TransformerLoader
[18:54:12] [main/INFO]: Running with arguments: [--tweakClass, net.minecraftforge.fml.common.launcher.FMLServerTweaker, --tweakClass, net.minecraftforge.gradle.tweakers.CoremodTweaker]
[18:54:12] [main/INFO]: Loading tweak class name net.minecraftforge.fml.common.launcher.FMLServerTweaker
[18:54:12] [main/INFO]: Using primary tweak class name net.minecraftforge.fml.common.launcher.FMLServerTweaker
[18:54:12] [main/INFO]: Loading tweak class name net.minecraftforge.gradle.tweakers.CoremodTweaker
[18:54:12] [main/INFO]: Calling tweak class net.minecraftforge.fml.common.launcher.FMLServerTweaker
[18:54:12] [main/INFO] [FML]: Forge Mod Loader version 14.23.5.2768 for Minecraft 1.12.2 loadinginecraftFormatting
[18:54:12] [main/INFO] [FML]: Java is Java HotSpot(TM) 64-Bit Server VM, version 1.8.0_202, running on Windows 10:amd64:10.0, installed at E:\Java\jdk8\jreinecraftFormatting
[18:54:12] [main/ERROR] [FML]: Apache Maven library folder was not in the format expected. Using default libraries directory.inecraftFormatting
[18:54:12] [main/ERROR] [FML]: Full: C:\Users\mhyaa\.gradle\caches\modules-2\files-2.1\org.apache.maven\maven-artifact\3.5.3\7dc72b6d6d8a6dced3d294ed54c2cc3515ade9f4\maven-artifact-3.5.3.jarinecraftFormatting
[18:54:12] [main/ERROR] [FML]: Trimmed: c:/users/mhyaa/.gradle/caches/modules-2/files-2.1/org.apache.maven/maven-artifact/3.5.3/inecraftFormatting
[18:54:12] [main/INFO] [FML]: Managed to load a deobfuscated Minecraft name- we are in a deobfuscated environment. Skipping runtime deobfuscationinecraftFormatting
[18:54:12] [main/INFO] [FML]: Ignoring missing certificate for coremod FMLCorePlugin (net.minecraftforge.fml.relauncher.FMLCorePlugin), we are in deobf and it's a forge core plugininecraftFormatting
[18:54:12] [main/INFO] [FML]: Ignoring missing certificate for coremod FMLForgePlugin (net.minecraftforge.classloading.FMLForgePlugin), we are in deobf and it's a forge core plugininecraftFormatting
[18:54:12] [main/INFO] [FML]: Found a command line coremod : net.ccbluex.liquidbounce.injection.forge.TransformerLoaderinecraftFormatting
[18:54:12] [main/WARN] [FML]: The coremod net.ccbluex.liquidbounce.injection.forge.TransformerLoader does not have a MCVersion annotation, it may cause issues with this version of MinecraftinecraftFormatting
[18:54:12] [main/INFO] [FML]: Ignoring missing certificate for coremod TransformerLoader (net.ccbluex.liquidbounce.injection.forge.TransformerLoader), as this is probably a dev workspaceinecraftFormatting
[18:54:12] [main/INFO] [FML]: Searching E:\Dev\PridePlus-master\1.12.2-Forge\run\.\mods for modsinecraftFormatting
[18:54:12] [main/INFO] [LaunchWrapper]: Calling tweak class net.minecraftforge.gradle.tweakers.CoremodTweakerinecraftFormatting
[18:54:12] [main/INFO] [GradleStart]: Injecting location in coremod net.minecraftforge.fml.relauncher.FMLCorePlugininecraftFormatting
[18:54:12] [main/INFO] [GradleStart]: Injecting location in coremod net.minecraftforge.classloading.FMLForgePlugininecraftFormatting
[18:54:12] [main/INFO] [GradleStart]: Injecting location in coremod net.ccbluex.liquidbounce.injection.forge.TransformerLoaderinecraftFormatting
[18:54:12] [main/INFO] [LaunchWrapper]: Loading tweak class name net.minecraftforge.fml.common.launcher.FMLInjectionAndSortingTweakerinecraftFormatting
[18:54:12] [main/INFO] [LaunchWrapper]: Loading tweak class name net.minecraftforge.fml.common.launcher.FMLDeobfTweakerinecraftFormatting
[18:54:12] [main/INFO] [LaunchWrapper]: Loading tweak class name net.minecraftforge.gradle.tweakers.AccessTransformerTweakerinecraftFormatting
[18:54:12] [main/INFO] [LaunchWrapper]: Calling tweak class net.minecraftforge.fml.common.launcher.FMLInjectionAndSortingTweakerinecraftFormatting
[18:54:12] [main/INFO] [LaunchWrapper]: Calling tweak class net.minecraftforge.fml.common.launcher.FMLInjectionAndSortingTweakerinecraftFormatting
[18:54:12] [main/INFO] [LaunchWrapper]: Calling tweak class net.minecraftforge.fml.relauncher.CoreModManager$FMLPluginWrapperinecraftFormatting
[18:54:13] [main/ERROR] [FML]: FML appears to be missing any signature data. This is not a good thinginecraftFormatting
[18:54:13] [main/INFO] [LaunchWrapper]: Calling tweak class net.minecraftforge.fml.relauncher.CoreModManager$FMLPluginWrapperinecraftFormatting
[18:54:13] [main/INFO] [LaunchWrapper]: Calling tweak class net.minecraftforge.fml.relauncher.CoreModManager$FMLPluginWrapperinecraftFormatting
[18:54:13] [main/INFO] [LaunchWrapper]: Calling tweak class net.minecraftforge.fml.common.launcher.FMLDeobfTweakerinecraftFormatting
[18:54:13] [main/INFO] [LaunchWrapper]: Calling tweak class net.minecraftforge.gradle.tweakers.AccessTransformerTweakerinecraftFormatting
[18:54:13] [main/INFO] [GradleStart]: Remapping AccessTransformer rules...inecraftFormatting
[18:54:13] [main/INFO] [LaunchWrapper]: Loading tweak class name net.minecraftforge.fml.common.launcher.TerminalTweakerinecraftFormatting
[18:54:13] [main/INFO] [LaunchWrapper]: Calling tweak class net.minecraftforge.fml.common.launcher.TerminalTweakerinecraftFormatting
[18:54:14] [main/INFO] [LaunchWrapper]: Launching wrapped minecraft {net.minecraft.server.MinecraftServer}inecraftFormatting
[18:54:14] [main/WARN] [net.minecraft.server.ServerEula]: Failed to load eula.txtinecraftFormatting
[18:54:14] [main/INFO] [net.minecraft.server.MinecraftServer]: You need to agree to the EULA in order to run the server. Go to eula.txt for more info.inecraftFormatting
